[ 2020-07-15T22:41:49+08:00 ] 127.0.0.1 /ttt11/
INFO: [ app_init ] --START--
INFO: Run Behavior\BuildLiteBehavior [ RunTime:0.000013s ]
INFO: [ app_init ] --END-- [ RunTime:0.007731s ]
INFO: [ app_begin ] --START--
INFO: Run Behavior\ReadHtmlCacheBehavior [ RunTime:0.013835s ]
INFO: [ app_begin ] --END-- [ RunTime:0.013914s ]
SQL: SHOW COLUMNS FROM `tb_book` [ RunTime:0.0591s ]
SQL: SELECT * FROM `tb_book` WHERE ( recommend=1 ) LIMIT 0,9   [ RunTime:0.0188s ]
SQL: SHOW COLUMNS FROM `tb_gonggao` [ RunTime:0.0355s ]
SQL: SELECT * FROM `tb_gonggao` LIMIT 0,9   [ RunTime:0.0297s ]
SQL: SELECT * FROM `tb_book` WHERE ( recommend=1 and newbook=1 ) LIMIT 0,10   [ RunTime:0.0014s ]
INFO: [ view_parse ] --START--
INFO: [ template_filter ] --START--
INFO: Run Behavior\ContentReplaceBehavior [ RunTime:0.000096s ]
INFO: [ template_filter ] --END-- [ RunTime:0.000149s ]
INFO: Run Behavior\ParseTemplateBehavior [ RunTime:0.145118s ]
INFO: [ view_parse ] --END-- [ RunTime:0.145178s ]
INFO: [ view_filter ] --START--
INFO: Run Behavior\WriteHtmlCacheBehavior [ RunTime:0.017023s ]
INFO: [ view_filter ] --END-- [ RunTime:0.017059s ]
INFO: [ app_end ] --START--
INFO: Run Behavior\ShowPageTraceBehavior [ RunTime:0.011338s ]
INFO: [ app_end ] --END-- [ RunTime:0.011409s ]

[ 2020-07-15T22:42:04+08:00 ] 127.0.0.1 /ttt11/index.php/Home/xiangxi/xiangxi/id/6
INFO: [ app_init ] --START--
INFO: Run Behavior\BuildLiteBehavior [ RunTime:0.000009s ]
INFO: [ app_init ] --END-- [ RunTime:0.000836s ]
INFO: [ app_begin ] --START--
INFO: Run Behavior\ReadHtmlCacheBehavior [ RunTime:0.006961s ]
INFO: [ app_begin ] --END-- [ RunTime:0.007036s ]
SQL: SHOW COLUMNS FROM `tb_gonggao` [ RunTime:0.0215s ]
SQL: SELECT * FROM `tb_gonggao` LIMIT 0,9   [ RunTime:0.0003s ]
SQL: SHOW COLUMNS FROM `tb_book` [ RunTime:0.0692s ]
SQL: SELECT * FROM `tb_book` WHERE ( bookid=6 ) LIMIT 1   [ RunTime:0.0004s ]
INFO: [ view_parse ] --START--
INFO: [ template_filter ] --START--
INFO: Run Behavior\ContentReplaceBehavior [ RunTime:0.000057s ]
INFO: [ template_filter ] --END-- [ RunTime:0.000096s ]
INFO: Run Behavior\ParseTemplateBehavior [ RunTime:0.048987s ]
INFO: [ view_parse ] --END-- [ RunTime:0.049085s ]
INFO: [ view_filter ] --START--
INFO: Run Behavior\WriteHtmlCacheBehavior [ RunTime:0.005132s ]
INFO: [ view_filter ] --END-- [ RunTime:0.005164s ]
INFO: [ app_end ] --START--
INFO: Run Behavior\ShowPageTraceBehavior [ RunTime:0.004613s ]
INFO: [ app_end ] --END-- [ RunTime:0.004648s ]

[ 2020-07-15T22:45:21+08:00 ] 127.0.0.1 /ttt11/
INFO: [ app_init ] --START--
INFO: Run Behavior\BuildLiteBehavior [ RunTime:0.000010s ]
INFO: [ app_init ] --END-- [ RunTime:0.000920s ]
INFO: [ app_begin ] --START--
INFO: Run Behavior\ReadHtmlCacheBehavior [ RunTime:0.005673s ]
INFO: [ app_begin ] --END-- [ RunTime:0.005741s ]
SQL: SHOW COLUMNS FROM `tb_book` [ RunTime:0.0100s ]
SQL: SELECT * FROM `tb_book` WHERE ( recommend=1 ) LIMIT 0,9   [ RunTime:0.0004s ]
SQL: SHOW COLUMNS FROM `tb_gonggao` [ RunTime:0.0300s ]
SQL: SELECT * FROM `tb_gonggao` LIMIT 0,9   [ RunTime:0.0003s ]
SQL: SELECT * FROM `tb_book` WHERE ( recommend=1 and newbook=1 ) LIMIT 0,10   [ RunTime:0.0003s ]
INFO: [ view_parse ] --START--
INFO: [ template_filter ] --START--
INFO: Run Behavior\ContentReplaceBehavior [ RunTime:0.000138s ]
INFO: [ template_filter ] --END-- [ RunTime:0.000245s ]
INFO: Run Behavior\ParseTemplateBehavior [ RunTime:0.043480s ]
INFO: [ view_parse ] --END-- [ RunTime:0.043530s ]
INFO: [ view_filter ] --START--
INFO: Run Behavior\WriteHtmlCacheBehavior [ RunTime:0.005297s ]
INFO: [ view_filter ] --END-- [ RunTime:0.005334s ]
INFO: [ app_end ] --START--
INFO: Run Behavior\ShowPageTraceBehavior [ RunTime:0.005969s ]
INFO: [ app_end ] --END-- [ RunTime:0.006013s ]

[ 2020-07-15T22:45:25+08:00 ] 127.0.0.1 /ttt11/
INFO: [ app_init ] --START--
INFO: Run Behavior\BuildLiteBehavior [ RunTime:0.000011s ]
INFO: [ app_init ] --END-- [ RunTime:0.001585s ]
INFO: [ app_begin ] --START--
INFO: Run Behavior\ReadHtmlCacheBehavior [ RunTime:0.005779s ]
INFO: [ app_begin ] --END-- [ RunTime:0.005851s ]
SQL: SHOW COLUMNS FROM `tb_book` [ RunTime:0.0174s ]
SQL: SELECT * FROM `tb_book` WHERE ( recommend=1 ) LIMIT 0,9   [ RunTime:0.0004s ]
SQL: SHOW COLUMNS FROM `tb_gonggao` [ RunTime:0.0187s ]
SQL: SELECT * FROM `tb_gonggao` LIMIT 0,9   [ RunTime:0.0004s ]
SQL: SELECT * FROM `tb_book` WHERE ( recommend=1 and newbook=1 ) LIMIT 0,10   [ RunTime:0.0004s ]
INFO: [ view_parse ] --START--
INFO: [ template_filter ] --START--
INFO: Run Behavior\ContentReplaceBehavior [ RunTime:0.000061s ]
INFO: [ template_filter ] --END-- [ RunTime:0.000097s ]
INFO: Run Behavior\ParseTemplateBehavior [ RunTime:0.038791s ]
INFO: [ view_parse ] --END-- [ RunTime:0.038841s ]
INFO: [ view_filter ] --START--
INFO: Run Behavior\WriteHtmlCacheBehavior [ RunTime:0.004587s ]
INFO: [ view_filter ] --END-- [ RunTime:0.004617s ]
INFO: [ app_end ] --START--
INFO: Run Behavior\ShowPageTraceBehavior [ RunTime:0.004652s ]
INFO: [ app_end ] --END-- [ RunTime:0.004693s ]

[ 2020-07-15T22:45:48+08:00 ] 127.0.0.1 /ttt11/
INFO: [ app_init ] --START--
INFO: Run Behavior\BuildLiteBehavior [ RunTime:0.000008s ]
INFO: [ app_init ] --END-- [ RunTime:0.000867s ]
INFO: [ app_begin ] --START--
INFO: Run Behavior\ReadHtmlCacheBehavior [ RunTime:0.004584s ]
INFO: [ app_begin ] --END-- [ RunTime:0.004632s ]
SQL: SHOW COLUMNS FROM `tb_book` [ RunTime:0.0050s ]
SQL: SELECT * FROM `tb_book` WHERE ( recommend=1 ) LIMIT 0,9   [ RunTime:0.0005s ]
SQL: SHOW COLUMNS FROM `tb_gonggao` [ RunTime:0.0041s ]
SQL: SELECT * FROM `tb_gonggao` LIMIT 0,9   [ RunTime:0.0003s ]
SQL: SELECT * FROM `tb_book` WHERE ( recommend=1 and newbook=1 ) LIMIT 0,10   [ RunTime:0.0004s ]
INFO: [ view_parse ] --START--
INFO: [ template_filter ] --START--
INFO: Run Behavior\ContentReplaceBehavior [ RunTime:0.000088s ]
INFO: [ template_filter ] --END-- [ RunTime:0.000142s ]
INFO: Run Behavior\ParseTemplateBehavior [ RunTime:0.091508s ]
INFO: [ view_parse ] --END-- [ RunTime:0.091594s ]
INFO: [ view_filter ] --START--
INFO: Run Behavior\WriteHtmlCacheBehavior [ RunTime:0.005219s ]
INFO: [ view_filter ] --END-- [ RunTime:0.005270s ]
INFO: [ app_end ] --START--
INFO: Run Behavior\ShowPageTraceBehavior [ RunTime:0.006785s ]
INFO: [ app_end ] --END-- [ RunTime:0.006836s ]

[ 2020-07-15T22:45:53+08:00 ] 127.0.0.1 /ttt11/
INFO: [ app_init ] --START--
INFO: Run Behavior\BuildLiteBehavior [ RunTime:0.000010s ]
INFO: [ app_init ] --END-- [ RunTime:0.001424s ]
INFO: [ app_begin ] --START--
INFO: Run Behavior\ReadHtmlCacheBehavior [ RunTime:0.007446s ]
INFO: [ app_begin ] --END-- [ RunTime:0.007536s ]
SQL: SHOW COLUMNS FROM `tb_book` [ RunTime:0.0046s ]
SQL: SELECT * FROM `tb_book` WHERE ( recommend=1 ) LIMIT 0,9   [ RunTime:0.0004s ]
SQL: SHOW COLUMNS FROM `tb_gonggao` [ RunTime:0.0040s ]
SQL: SELECT * FROM `tb_gonggao` LIMIT 0,9   [ RunTime:0.0004s ]
SQL: SELECT * FROM `tb_book` WHERE ( recommend=1 and newbook=1 ) LIMIT 0,10   [ RunTime:0.0005s ]
INFO: [ view_parse ] --START--
INFO: [ template_filter ] --START--
INFO: Run Behavior\ContentReplaceBehavior [ RunTime:0.000060s ]
INFO: [ template_filter ] --END-- [ RunTime:0.000095s ]
INFO: Run Behavior\ParseTemplateBehavior [ RunTime:0.034899s ]
INFO: [ view_parse ] --END-- [ RunTime:0.034947s ]
INFO: [ view_filter ] --START--
INFO: Run Behavior\WriteHtmlCacheBehavior [ RunTime:0.004564s ]
INFO: [ view_filter ] --END-- [ RunTime:0.004592s ]
INFO: [ app_end ] --START--
INFO: Run Behavior\ShowPageTraceBehavior [ RunTime:0.005472s ]
INFO: [ app_end ] --END-- [ RunTime:0.005635s ]

