[ 2020-04-15T13:56:38+08:00 ] 127.0.0.1 /bookstore/ttt11/admin
INFO: [ app_init ] --START--
INFO: Run Behavior\BuildLiteBehavior [ RunTime:0.000013s ]
INFO: [ app_init ] --END-- [ RunTime:0.001215s ]
INFO: [ app_begin ] --START--
INFO: Run Behavior\ReadHtmlCacheBehavior [ RunTime:0.006459s ]
INFO: [ app_begin ] --END-- [ RunTime:0.006507s ]
INFO: [ view_parse ] --START--
INFO: Run Behavior\ParseTemplateBehavior [ RunTime:0.011014s ]
INFO: [ view_parse ] --END-- [ RunTime:0.011063s ]
INFO: [ view_filter ] --START--
INFO: Run Behavior\WriteHtmlCacheBehavior [ RunTime:0.013369s ]
INFO: [ view_filter ] --END-- [ RunTime:0.013448s ]
INFO: [ app_end ] --START--
INFO: Run Behavior\ShowPageTraceBehavior [ RunTime:0.007757s ]
INFO: [ app_end ] --END-- [ RunTime:0.007795s ]

[ 2020-04-15T14:11:45+08:00 ] 127.0.0.1 /bookstore/ttt11/admin
INFO: [ app_init ] --START--
INFO: Run Behavior\BuildLiteBehavior [ RunTime:0.000014s ]
INFO: [ app_init ] --END-- [ RunTime:0.001796s ]
INFO: [ app_begin ] --START--
INFO: Run Behavior\ReadHtmlCacheBehavior [ RunTime:0.006635s ]
INFO: [ app_begin ] --END-- [ RunTime:0.006683s ]
INFO: [ view_parse ] --START--
INFO: Run Behavior\ParseTemplateBehavior [ RunTime:0.005585s ]
INFO: [ view_parse ] --END-- [ RunTime:0.005628s ]
INFO: [ view_filter ] --START--
INFO: Run Behavior\WriteHtmlCacheBehavior [ RunTime:0.007110s ]
INFO: [ view_filter ] --END-- [ RunTime:0.007153s ]
INFO: [ app_end ] --START--
INFO: Run Behavior\ShowPageTraceBehavior [ RunTime:0.007463s ]
INFO: [ app_end ] --END-- [ RunTime:0.007494s ]

[ 2020-04-15T14:12:29+08:00 ] 127.0.0.1 /bookstore/ttt11/admin
INFO: [ app_init ] --START--
INFO: Run Behavior\BuildLiteBehavior [ RunTime:0.000011s ]
INFO: [ app_init ] --END-- [ RunTime:0.002287s ]
INFO: [ app_begin ] --START--
INFO: Run Behavior\ReadHtmlCacheBehavior [ RunTime:0.006396s ]
INFO: [ app_begin ] --END-- [ RunTime:0.006469s ]
INFO: [ view_parse ] --START--
INFO: Run Behavior\ParseTemplateBehavior [ RunTime:0.005036s ]
INFO: [ view_parse ] --END-- [ RunTime:0.005078s ]
INFO: [ view_filter ] --START--
INFO: Run Behavior\WriteHtmlCacheBehavior [ RunTime:0.007241s ]
INFO: [ view_filter ] --END-- [ RunTime:0.007285s ]
INFO: [ app_end ] --START--
INFO: Run Behavior\ShowPageTraceBehavior [ RunTime:0.007375s ]
INFO: [ app_end ] --END-- [ RunTime:0.007409s ]

[ 2020-04-15T14:12:37+08:00 ] 127.0.0.1 /bookstore/ttt11/admin/login
INFO: [ app_init ] --START--
INFO: Run Behavior\BuildLiteBehavior [ RunTime:0.000012s ]
INFO: [ app_init ] --END-- [ RunTime:0.001205s ]
INFO: [ app_begin ] --START--
INFO: Run Behavior\ReadHtmlCacheBehavior [ RunTime:0.006983s ]
INFO: [ app_begin ] --END-- [ RunTime:0.007037s ]
INFO: [ view_parse ] --START--
INFO: [ template_filter ] --START--
INFO: Run Behavior\ContentReplaceBehavior [ RunTime:0.000031s ]
INFO: [ template_filter ] --END-- [ RunTime:0.000070s ]
INFO: Run Behavior\ParseTemplateBehavior [ RunTime:0.044660s ]
INFO: [ view_parse ] --END-- [ RunTime:0.044734s ]
INFO: [ view_filter ] --START--
INFO: Run Behavior\WriteHtmlCacheBehavior [ RunTime:0.007623s ]
INFO: [ view_filter ] --END-- [ RunTime:0.007662s ]
INFO: [ app_end ] --START--
INFO: Run Behavior\ShowPageTraceBehavior [ RunTime:0.006374s ]
INFO: [ app_end ] --END-- [ RunTime:0.006405s ]

[ 2020-04-15T14:12:37+08:00 ] 127.0.0.1 /bookstore/ttt11/index.php/Admin/Login/verify.html
INFO: [ app_init ] --START--
INFO: Run Behavior\BuildLiteBehavior [ RunTime:0.000011s ]
INFO: [ app_init ] --END-- [ RunTime:0.001225s ]
INFO: [ app_begin ] --START--
INFO: Run Behavior\ReadHtmlCacheBehavior [ RunTime:0.007730s ]
INFO: [ app_begin ] --END-- [ RunTime:0.007786s ]
INFO: [ app_end ] --START--
INFO: Run Behavior\ShowPageTraceBehavior [ RunTime:0.008391s ]
INFO: [ app_end ] --END-- [ RunTime:0.008444s ]

[ 2020-04-15T14:12:52+08:00 ] 127.0.0.1 /bookstore/ttt11/index.php/Admin/Login/Login
INFO: [ app_init ] --START--
INFO: Run Behavior\BuildLiteBehavior [ RunTime:0.000010s ]
INFO: [ app_init ] --END-- [ RunTime:0.001200s ]
INFO: [ app_begin ] --START--
INFO: Run Behavior\ReadHtmlCacheBehavior [ RunTime:0.007532s ]
INFO: [ app_begin ] --END-- [ RunTime:0.007582s ]
SQL: SHOW COLUMNS FROM `tb_admin` [ RunTime:0.0049s ]
INFO: [ view_parse ] --START--
INFO: [ template_filter ] --START--
INFO: Run Behavior\ContentReplaceBehavior [ RunTime:0.000027s ]
INFO: [ template_filter ] --END-- [ RunTime:0.000066s ]
INFO: Run Behavior\ParseTemplateBehavior [ RunTime:0.033453s ]
INFO: [ view_parse ] --END-- [ RunTime:0.033507s ]
INFO: [ view_filter ] --START--
INFO: Run Behavior\WriteHtmlCacheBehavior [ RunTime:0.006414s ]
INFO: [ view_filter ] --END-- [ RunTime:0.006444s ]

[ 2020-04-15T14:13:08+08:00 ] 127.0.0.1 /bookstore/ttt11/index.php/Admin/Login/Login
INFO: [ app_init ] --START--
INFO: Run Behavior\BuildLiteBehavior [ RunTime:0.000010s ]
INFO: [ app_init ] --END-- [ RunTime:0.001254s ]
INFO: [ app_begin ] --START--
INFO: Run Behavior\ReadHtmlCacheBehavior [ RunTime:0.009133s ]
INFO: [ app_begin ] --END-- [ RunTime:0.009189s ]
SQL: SHOW COLUMNS FROM `tb_admin` [ RunTime:0.0048s ]
INFO: [ view_parse ] --START--
INFO: [ template_filter ] --START--
INFO: Run Behavior\ContentReplaceBehavior [ RunTime:0.000028s ]
INFO: [ template_filter ] --END-- [ RunTime:0.000067s ]
INFO: Run Behavior\ParseTemplateBehavior [ RunTime:0.032802s ]
INFO: [ view_parse ] --END-- [ RunTime:0.032854s ]
INFO: [ view_filter ] --START--
INFO: Run Behavior\WriteHtmlCacheBehavior [ RunTime:0.006427s ]
INFO: [ view_filter ] --END-- [ RunTime:0.006459s ]

[ 2020-04-15T14:13:14+08:00 ] 127.0.0.1 /bookstore/ttt11/admin/login
INFO: [ app_init ] --START--
INFO: Run Behavior\BuildLiteBehavior [ RunTime:0.000011s ]
INFO: [ app_init ] --END-- [ RunTime:0.001312s ]
INFO: [ app_begin ] --START--
INFO: Run Behavior\ReadHtmlCacheBehavior [ RunTime:0.008472s ]
INFO: [ app_begin ] --END-- [ RunTime:0.008526s ]
INFO: [ view_parse ] --START--
INFO: [ template_filter ] --START--
INFO: Run Behavior\ContentReplaceBehavior [ RunTime:0.000032s ]
INFO: [ template_filter ] --END-- [ RunTime:0.000074s ]
INFO: Run Behavior\ParseTemplateBehavior [ RunTime:0.035297s ]
INFO: [ view_parse ] --END-- [ RunTime:0.035344s ]
INFO: [ view_filter ] --START--
INFO: Run Behavior\WriteHtmlCacheBehavior [ RunTime:0.011370s ]
INFO: [ view_filter ] --END-- [ RunTime:0.011411s ]
INFO: [ app_end ] --START--
INFO: Run Behavior\ShowPageTraceBehavior [ RunTime:0.007877s ]
INFO: [ app_end ] --END-- [ RunTime:0.007943s ]

[ 2020-04-15T14:13:14+08:00 ] 127.0.0.1 /bookstore/ttt11/index.php/Admin/Login/verify.html
INFO: [ app_init ] --START--
INFO: Run Behavior\BuildLiteBehavior [ RunTime:0.000010s ]
INFO: [ app_init ] --END-- [ RunTime:0.001144s ]
INFO: [ app_begin ] --START--
INFO: Run Behavior\ReadHtmlCacheBehavior [ RunTime:0.006339s ]
INFO: [ app_begin ] --END-- [ RunTime:0.006384s ]
INFO: [ app_end ] --START--
INFO: Run Behavior\ShowPageTraceBehavior [ RunTime:0.006538s ]
INFO: [ app_end ] --END-- [ RunTime:0.006589s ]

[ 2020-04-15T14:13:28+08:00 ] 127.0.0.1 /bookstore/ttt11/index.php/Admin/Login/Login
INFO: [ app_init ] --START--
INFO: Run Behavior\BuildLiteBehavior [ RunTime:0.000010s ]
INFO: [ app_init ] --END-- [ RunTime:0.001324s ]
INFO: [ app_begin ] --START--
INFO: Run Behavior\ReadHtmlCacheBehavior [ RunTime:0.006963s ]
INFO: [ app_begin ] --END-- [ RunTime:0.007020s ]
SQL: SHOW COLUMNS FROM `tb_admin` [ RunTime:0.0045s ]
INFO: [ view_parse ] --START--
INFO: [ template_filter ] --START--
INFO: Run Behavior\ContentReplaceBehavior [ RunTime:0.000029s ]
INFO: [ template_filter ] --END-- [ RunTime:0.000066s ]
INFO: Run Behavior\ParseTemplateBehavior [ RunTime:0.032300s ]
INFO: [ view_parse ] --END-- [ RunTime:0.032350s ]
INFO: [ view_filter ] --START--
INFO: Run Behavior\WriteHtmlCacheBehavior [ RunTime:0.006285s ]
INFO: [ view_filter ] --END-- [ RunTime:0.006331s ]

